2018-07-16 07:43:53.530 PDT [7480] FATAL:  password authentication failed for user "liteq"
2018-07-16 07:43:53.530 PDT [7480] DETAIL:  Role "liteq" does not exist.
	Connection matched pg_hba.conf line 82: "host    all             all             ::1/128                 md5"
2018-07-16 07:44:15.540 PDT [9212] FATAL:  password authentication failed for user "liteq"
2018-07-16 07:44:15.540 PDT [9212] DETAIL:  Role "liteq" does not exist.
	Connection matched pg_hba.conf line 82: "host    all             all             ::1/128                 md5"
2018-07-16 07:44:15.557 PDT [12488] FATAL:  password authentication failed for user "liteq"
2018-07-16 07:44:15.557 PDT [12488] DETAIL:  Role "liteq" does not exist.
	Connection matched pg_hba.conf line 82: "host    all             all             ::1/128                 md5"
2018-07-16 07:44:21.485 PDT [1468] FATAL:  password authentication failed for user "liteq"
2018-07-16 07:44:21.485 PDT [1468] DETAIL:  Role "liteq" does not exist.
	Connection matched pg_hba.conf line 82: "host    all             all             ::1/128                 md5"
2018-07-16 07:49:59.433 PDT [10016] ERROR:  syntax error at or near "ALTER" at character 114
2018-07-16 07:49:59.433 PDT [10016] STATEMENT:  DECLARE "CURSOR:CONN:7397258" CURSOR WITHOUT HOLD FOR -- Tablespace: pg_default
	
	-- DROP TABLESPACE pg_default;
	
	ALTER TABLESPACE pg_default
	  OWNER TO postgres;
2018-07-16 07:51:28.902 PDT [13640] FATAL:  password authentication failed for user "liteq"
2018-07-16 07:51:28.902 PDT [13640] DETAIL:  Role "liteq" does not exist.
	Connection matched pg_hba.conf line 82: "host    all             all             ::1/128                 md5"
2018-07-16 07:51:36.557 PDT [8424] FATAL:  password authentication failed for user "liteq"
2018-07-16 07:51:36.557 PDT [8424] DETAIL:  Role "liteq" does not exist.
	Connection matched pg_hba.conf line 82: "host    all             all             ::1/128                 md5"
2018-07-16 07:51:36.585 PDT [15312] FATAL:  password authentication failed for user "liteq"
2018-07-16 07:51:36.585 PDT [15312] DETAIL:  Role "liteq" does not exist.
	Connection matched pg_hba.conf line 82: "host    all             all             ::1/128                 md5"
2018-07-16 07:52:32.013 PDT [6628] FATAL:  password authentication failed for user "liteq"
2018-07-16 07:52:32.013 PDT [6628] DETAIL:  Role "liteq" does not exist.
	Connection matched pg_hba.conf line 82: "host    all             all             ::1/128                 md5"
2018-07-16 08:05:14.208 PDT [5640] FATAL:  password authentication failed for user "liteq"
2018-07-16 08:05:14.208 PDT [5640] DETAIL:  Role "liteq" does not exist.
	Connection matched pg_hba.conf line 82: "host    all             all             ::1/128                 md5"
2018-07-16 08:05:24.676 PDT [13740] FATAL:  password authentication failed for user "liteq"
2018-07-16 08:05:24.676 PDT [13740] DETAIL:  Role "liteq" does not exist.
	Connection matched pg_hba.conf line 82: "host    all             all             ::1/128                 md5"
2018-07-16 08:07:06.150 PDT [14388] FATAL:  password authentication failed for user "liteq"
2018-07-16 08:07:06.150 PDT [14388] DETAIL:  Role "liteq" does not exist.
	Connection matched pg_hba.conf line 82: "host    all             all             ::1/128                 md5"
2018-07-16 08:07:11.533 PDT [11156] FATAL:  password authentication failed for user "liteq"
2018-07-16 08:07:11.533 PDT [11156] DETAIL:  Role "liteq" does not exist.
	Connection matched pg_hba.conf line 82: "host    all             all             ::1/128                 md5"
2018-07-16 09:34:40.327 PDT [14156] FATAL:  password authentication failed for user "liteq"
2018-07-16 09:34:40.327 PDT [14156] DETAIL:  Role "liteq" does not exist.
	Connection matched pg_hba.conf line 82: "host    all             all             ::1/128                 md5"
2018-07-16 09:38:56.027 PDT [11484] FATAL:  password authentication failed for user "liteq"
2018-07-16 09:38:56.027 PDT [11484] DETAIL:  Role "liteq" does not exist.
	Connection matched pg_hba.conf line 82: "host    all             all             ::1/128                 md5"
2018-07-16 09:38:57.491 PDT [9736] FATAL:  password authentication failed for user "liteq"
2018-07-16 09:38:57.491 PDT [9736] DETAIL:  Role "liteq" does not exist.
	Connection matched pg_hba.conf line 82: "host    all             all             ::1/128                 md5"
2018-07-16 09:38:59.405 PDT [11340] FATAL:  password authentication failed for user "liteq"
2018-07-16 09:38:59.405 PDT [11340] DETAIL:  Role "liteq" does not exist.
	Connection matched pg_hba.conf line 82: "host    all             all             ::1/128                 md5"
2018-07-16 09:53:51.387 PDT [15224] FATAL:  password authentication failed for user "liteq"
2018-07-16 09:53:51.387 PDT [15224] DETAIL:  Role "liteq" does not exist.
	Connection matched pg_hba.conf line 82: "host    all             all             ::1/128                 md5"
2018-07-16 09:54:12.456 PDT [11248] FATAL:  password authentication failed for user "liteq"
2018-07-16 09:54:12.456 PDT [11248] DETAIL:  Role "liteq" does not exist.
	Connection matched pg_hba.conf line 82: "host    all             all             ::1/128                 md5"
2018-07-16 09:54:12.471 PDT [7596] FATAL:  password authentication failed for user "liteq"
2018-07-16 09:54:12.471 PDT [7596] DETAIL:  Role "liteq" does not exist.
	Connection matched pg_hba.conf line 82: "host    all             all             ::1/128                 md5"
2018-07-16 11:41:52.754 PDT [15240] ERROR:  syntax error at or near "create" at character 38
2018-07-16 11:41:52.754 PDT [15240] STATEMENT:  create database subscriberaccount_db
	create database subscriberaccount_db;
2018-07-16 11:42:35.587 PDT [15240] ERROR:  source database "template1" is being accessed by other users
2018-07-16 11:42:35.587 PDT [15240] DETAIL:  There is 1 other session using the database.
2018-07-16 11:42:35.587 PDT [15240] STATEMENT:  create database subscriberaccount;
2018-07-16 11:44:20.757 PDT [15240] ERROR:  source database "template1" is being accessed by other users
2018-07-16 11:44:20.757 PDT [15240] DETAIL:  There are 2 other sessions using the database.
2018-07-16 11:44:20.757 PDT [15240] STATEMENT:  create database subscriberaccount;
2018-07-16 11:45:41.953 PDT [15240] ERROR:  source database "template1" is being accessed by other users
2018-07-16 11:45:41.953 PDT [15240] DETAIL:  There are 2 other sessions using the database.
2018-07-16 11:45:41.953 PDT [15240] STATEMENT:  create database subscriberaccount;
2018-07-16 11:46:22.971 PDT [15240] LOG:  could not receive data from client: An existing connection was forcibly closed by the remote host.
	
2018-07-16 11:48:24.771 PDT [9644] FATAL:  password authentication failed for user "liteq"
2018-07-16 11:48:24.771 PDT [9644] DETAIL:  Role "liteq" does not exist.
	Connection matched pg_hba.conf line 82: "host    all             all             ::1/128                 md5"
2018-07-16 11:48:31.442 PDT [14308] FATAL:  password authentication failed for user "liteq"
2018-07-16 11:48:31.442 PDT [14308] DETAIL:  Role "liteq" does not exist.
	Connection matched pg_hba.conf line 82: "host    all             all             ::1/128                 md5"
2018-07-16 11:48:31.458 PDT [3568] FATAL:  password authentication failed for user "liteq"
2018-07-16 11:48:31.458 PDT [3568] DETAIL:  Role "liteq" does not exist.
	Connection matched pg_hba.conf line 82: "host    all             all             ::1/128                 md5"
2018-07-16 11:48:35.146 PDT [1928] FATAL:  password authentication failed for user "liteq"
2018-07-16 11:48:35.146 PDT [1928] DETAIL:  Role "liteq" does not exist.
	Connection matched pg_hba.conf line 82: "host    all             all             ::1/128                 md5"
2018-07-16 12:12:20.213 PDT [13576] LOG:  could not receive data from client: An existing connection was forcibly closed by the remote host.
	
2018-07-16 12:13:53.621 PDT [12768] LOG:  could not receive data from client: An existing connection was forcibly closed by the remote host.
	
2018-07-16 12:13:53.622 PDT [988] LOG:  could not receive data from client: An existing connection was forcibly closed by the remote host.
	
2018-07-16 12:13:53.628 PDT [12136] LOG:  could not receive data from client: An existing connection was forcibly closed by the remote host.
	
2018-07-16 12:13:53.628 PDT [3372] LOG:  could not receive data from client: An existing connection was forcibly closed by the remote host.
	
2018-07-16 12:13:54.864 PDT [11736] LOG:  received fast shutdown request
2018-07-16 12:13:54.865 PDT [13036] ERROR:  canceling statement due to user request
2018-07-16 12:13:54.871 PDT [11736] LOG:  aborting any active transactions
2018-07-16 12:13:54.877 PDT [11736] LOG:  worker process: logical replication launcher (PID 13036) exited with exit code 1
2018-07-16 12:13:54.888 PDT [4968] LOG:  shutting down
2018-07-16 12:13:54.998 PDT [11736] LOG:  database system is shut down
