2018-07-16 12:14:35.655 PDT [6404] LOG:  database system was shut down at 2018-07-16 12:13:54 PDT
2018-07-16 12:14:35.693 PDT [6032] LOG:  database system is ready to accept connections
2018-07-16 12:39:33.321 PDT [6568] ERROR:  source database "template1" is being accessed by other users
2018-07-16 12:39:33.321 PDT [6568] DETAIL:  There is 1 other session using the database.
2018-07-16 12:39:33.321 PDT [6568] STATEMENT:  create database subscriberaccount;
2018-07-16 12:45:43.549 PDT [14968] ERROR:  source database "template1" is being accessed by other users
2018-07-16 12:45:43.549 PDT [14968] DETAIL:  There is 1 other session using the database.
2018-07-16 12:45:43.549 PDT [14968] STATEMENT:  create database subscriberaccount;
2018-07-16 12:46:33.321 PDT [14968] ERROR:  source database "template1" is being accessed by other users
2018-07-16 12:46:33.321 PDT [14968] DETAIL:  There is 1 other session using the database.
2018-07-16 12:46:33.321 PDT [14968] STATEMENT:  create database subscriberaccount;
2018-07-16 13:05:49.405 PDT [6296] ERROR:  role "Chester" already exists
2018-07-16 13:05:49.405 PDT [6296] STATEMENT:  CREATE USER "Chester" WITH
		LOGIN
		NOSUPERUSER
		CREATEDB
		CREATEROLE
		INHERIT
		REPLICATION
		CONNECTION LIMIT -1
		PASSWORD  'rabbit';
	COMMENT ON ROLE "Chester" IS 'regular account';
	
2018-07-16 13:08:43.196 PDT [14968] LOG:  could not receive data from client: An existing connection was forcibly closed by the remote host.
	
2018-07-16 14:52:08.544 PDT [14508] FATAL:  database "subscriberaccounts" does not exist
2018-07-16 15:20:32.960 PDT [12544] ERROR:  syntax error at or near ";" at character 22
2018-07-16 15:20:32.960 PDT [12544] STATEMENT:  create table customer;
2018-07-16 15:50:57.909 PDT [6296] ERROR:  database "subscriberaccount" already exists
2018-07-16 15:50:57.909 PDT [6296] STATEMENT:  CREATE DATABASE subscriberaccount
	    WITH 
	    OWNER = postgres
	    TEMPLATE = subscriberaccount
	    ENCODING = 'UTF8'
	    LC_COLLATE = 'English_United States.1252'
	    LC_CTYPE = 'English_United States.1252'
	    TABLESPACE = pg_default
	    CONNECTION LIMIT = -1;
	
2018-07-16 15:51:21.429 PDT [6296] ERROR:  database "subscriberaccount" already exists
2018-07-16 15:51:21.429 PDT [6296] STATEMENT:  CREATE DATABASE subscriberaccount
	    WITH 
	    OWNER = postgres
	    TEMPLATE = subscriberaccount
	    ENCODING = 'UTF8'
	    LC_COLLATE = 'English_United States.1252'
	    LC_CTYPE = 'English_United States.1252'
	    TABLESPACE = pg_default
	    CONNECTION LIMIT = -1;
	
2018-07-16 18:33:34.101 PDT [6296] ERROR:  source database "subscriberaccount" is being accessed by other users
2018-07-16 18:33:34.101 PDT [6296] DETAIL:  There are 3 other sessions using the database.
2018-07-16 18:33:34.101 PDT [6296] STATEMENT:  CREATE DATABASE subscriber
	    WITH 
	    OWNER = "Chester"
	    TEMPLATE = subscriberaccount
	    ENCODING = 'UTF8'
	    LC_COLLATE = 'English_United States.1252'
	    LC_CTYPE = 'English_United States.1252'
	    TABLESPACE = pg_default
	    CONNECTION LIMIT = -1;
	
2018-07-16 20:19:29.980 PDT [12544] LOG:  could not receive data from client: An existing connection was forcibly closed by the remote host.
	
2018-07-16 21:12:02.535 PDT [2792] ERROR:  permission denied to create "pg_toast.Subscriber Info"
2018-07-16 21:12:02.535 PDT [2792] DETAIL:  System catalog modifications are currently disallowed.
2018-07-16 21:12:02.535 PDT [2792] STATEMENT:  CREATE TABLE pg_toast."Subscriber Info"
	(
	    id integer NOT NULL,
	    "Last Name" character varying(30)[] NOT NULL,
	    "First Name" character varying(30)[] NOT NULL,
	    "Middle Initial" "char",
	    "Birthday" date[],
	    "Sex" "char" NOT NULL,
	    "Name prefix" character varying(10)[],
	    "Name suffix" character varying(10)[],
	    "Mailing Address 1" character varying(30)[] NOT NULL,
	    "Mailing Address 2" character varying(30)[],
	    "Mailing City" character varying(15)[] NOT NULL,
	    "Mailing State" character(2)[] NOT NULL,
	    "Billing Address 1" character varying(30)[],
	    "Billing Address 2" character varying(30)[],
	    "Billing City" character varying(15)[],
	    "Billing State" character(2)[],
	    "Mailing Zip" character varying(10)[] NOT NULL,
	    "Billing Zip" character varying(10)[],
	    "Job Title" character varying(15)[],
	    "Company Name" character varying(30)[],
	    "Day Telephone" character varying(13)[],
	    "Evening Telephone" character varying(13)[],
	    "Cellular Telephone" character varying(13)[],
	    "Subscription Starting Date" date[],
	    "Subscription Ending Date" date[],
	    "Discount Group" character varying(30)[],
	    "Comment" text[],
	    PRIMARY KEY (id)
	)
	WITH (
	    OIDS = FALSE
	);
	
	ALTER TABLE pg_toast."Subscriber Info"
	    OWNER to "Chester";
	COMMENT ON TABLE pg_toast."Subscriber Info"
	    IS 'Subscriber information';
	
	
	
	
	
	
2018-07-16 21:12:14.631 PDT [2792] ERROR:  permission denied to create "pg_toast.Subscriber Info"
2018-07-16 21:12:14.631 PDT [2792] DETAIL:  System catalog modifications are currently disallowed.
2018-07-16 21:12:14.631 PDT [2792] STATEMENT:  CREATE TABLE pg_toast."Subscriber Info"
	(
	    id integer NOT NULL,
	    "Last Name" character varying(30)[] NOT NULL,
	    "First Name" character varying(30)[] NOT NULL,
	    "Middle Initial" "char",
	    "Birthday" date[],
	    "Sex" "char" NOT NULL,
	    "Name prefix" character varying(10)[],
	    "Name suffix" character varying(10)[],
	    "Mailing Address 1" character varying(30)[] NOT NULL,
	    "Mailing Address 2" character varying(30)[],
	    "Mailing City" character varying(15)[] NOT NULL,
	    "Mailing State" character(2)[] NOT NULL,
	    "Billing Address 1" character varying(30)[],
	    "Billing Address 2" character varying(30)[],
	    "Billing City" character varying(15)[],
	    "Billing State" character(2)[],
	    "Mailing Zip" character varying(10)[] NOT NULL,
	    "Billing Zip" character varying(10)[],
	    "Job Title" character varying(15)[],
	    "Company Name" character varying(30)[],
	    "Day Telephone" character varying(13)[],
	    "Evening Telephone" character varying(13)[],
	    "Cellular Telephone" character varying(13)[],
	    "Subscription Starting Date" date[],
	    "Subscription Ending Date" date[],
	    "Discount Group" character varying(30)[],
	    "Comment" text[],
	    PRIMARY KEY (id)
	)
	WITH (
	    OIDS = FALSE
	);
	
	ALTER TABLE pg_toast."Subscriber Info"
	    OWNER to "Chester";
	COMMENT ON TABLE pg_toast."Subscriber Info"
	    IS 'Subscriber information';
	
	
	
	
	
	
2018-07-16 21:28:34.311 PDT [6296] LOG:  could not receive data from client: An existing connection was forcibly closed by the remote host.
	
2018-07-16 21:28:34.311 PDT [2792] LOG:  could not receive data from client: An existing connection was forcibly closed by the remote host.
	
2018-07-16 21:28:34.312 PDT [1304] LOG:  could not receive data from client: An existing connection was forcibly closed by the remote host.
	
2018-07-16 21:28:35.921 PDT [6032] LOG:  received fast shutdown request
2018-07-16 21:28:35.922 PDT [6508] ERROR:  canceling statement due to user request
2018-07-16 21:28:35.922 PDT [6532] ERROR:  canceling statement due to user request
2018-07-16 21:28:35.926 PDT [6032] LOG:  aborting any active transactions
2018-07-16 21:28:35.934 PDT [6032] LOG:  worker process: logical replication launcher (PID 6532) exited with exit code 1
2018-07-16 21:28:36.040 PDT [6480] LOG:  shutting down
2018-07-16 21:28:36.072 PDT [6032] LOG:  database system is shut down
