
Installation Directory: C:\Program Files\PostgreSQL\10
Server Installation Directory: C:\Program Files\PostgreSQL\10
Data Directory: C:\Program Files\PostgreSQL\10\data
Database Port: 5432
Database Superuser: postgres
Operating System Account: NT AUTHORITY\NetworkService
Database Service: postgresql-x64-10
Command Line Tools Installation Directory: C:\Program Files\PostgreSQL\10
pgAdmin4 Installation Directory: C:\Program Files\PostgreSQL\10\pgAdmin 4
Stack Builder Installation Directory: C:\Program Files\PostgreSQL\10\stackbuilder

===== Installation completed at: 2018-07-15(YYYY-MM-DD) - 21:59:40(HH:MM:SS) =====
                            
Installation Directory: C:\Program Files\PostgreSQL\10
Server Installation Directory: C:\Program Files\PostgreSQL\10
Data Directory: C:\Program Files\PostgreSQL\10\data
Database Port: 5432
Database Superuser: postgres
Operating System Account: NT AUTHORITY\NetworkService
Database Service: postgresql-x64-10
Command Line Tools Installation Directory: C:\Program Files\PostgreSQL\10
pgAdmin4 Installation Directory: C:\Program Files\PostgreSQL\10\pgAdmin 4
Stack Builder Installation Directory: C:\Program Files\PostgreSQL\10\stackbuilder

===== Installation completed at: 2018-07-15(YYYY-MM-DD) - 23:49:33(HH:MM:SS) =====
                            